{"F:\\Dev\\Freelo\\iescrow\\src\\config\\database.js": {"path":"F:\\Dev\\Freelo\\iescrow\\src\\config\\database.js","statementMap":{"0":{"start":{"line":1,"column":0},"end":{"line":10,"column":1}}},"fnMap":{},"branchMap":{},"s":{"0":1},"f":{},"b":{},"_coverageSchema":"1a1c01bbd47fc00a2c39e90264f33305004495a9","hash":"039b42768fafddc50d92cb95e63bc49964a65541"}
,"F:\\Dev\\Freelo\\iescrow\\src\\db\\index.js": {"path":"F:\\Dev\\Freelo\\iescrow\\src\\db\\index.js","statementMap":{"0":{"start":{"line":1,"column":22},"end":{"line":1,"column":42}},"1":{"start":{"line":2,"column":17},"end":{"line":2,"column":46}},"2":{"start":{"line":4,"column":18},"end":{"line":4,"column":41}},"3":{"start":{"line":6,"column":0},"end":{"line":16,"column":5}},"4":{"start":{"line":7,"column":2},"end":{"line":15,"column":3}},"5":{"start":{"line":8,"column":4},"end":{"line":8,"column":35}},"6":{"start":{"line":9,"column":4},"end":{"line":9,"column":74}},"7":{"start":{"line":11,"column":4},"end":{"line":11,"column":42}},"8":{"start":{"line":12,"column":4},"end":{"line":12,"column":54}},"9":{"start":{"line":14,"column":4},"end":{"line":14,"column":69}},"10":{"start":{"line":18,"column":0},"end":{"line":18,"column":27}}},"fnMap":{"0":{"name":"(anonymous_0)","decl":{"start":{"line":6,"column":1},"end":{"line":6,"column":2}},"loc":{"start":{"line":6,"column":13},"end":{"line":16,"column":1}},"line":6}},"branchMap":{},"s":{"0":1,"1":1,"2":1,"3":1,"4":1,"5":1,"6":1,"7":1,"8":0,"9":1,"10":1},"f":{"0":1},"b":{},"_coverageSchema":"1a1c01bbd47fc00a2c39e90264f33305004495a9","hash":"ce7d26d5b1005fdd01b35c0a2835aa5eae3faffc"}
,"F:\\Dev\\Freelo\\iescrow\\src\\models\\Escrow.js": {"path":"F:\\Dev\\Freelo\\iescrow\\src\\models\\Escrow.js","statementMap":{"0":{"start":{"line":1,"column":22},"end":{"line":1,"column":42}},"1":{"start":{"line":2,"column":11},"end":{"line":2,"column":33}},"2":{"start":{"line":15,"column":15},"end":{"line":79,"column":1}},"3":{"start":{"line":81,"column":0},"end":{"line":81,"column":24}}},"fnMap":{},"branchMap":{},"s":{"0":1,"1":1,"2":1,"3":1},"f":{},"b":{},"_coverageSchema":"1a1c01bbd47fc00a2c39e90264f33305004495a9","hash":"2c902981c5c05c6c9764a7a84e6cc43e746fd168"}
}
